    Transit state: id: 23148936466334350744548790012294489365207440754509988986684797708370051073, oldState: 8039964009611210398788855768060749920589777058607598891238307089541758339342
    Transit state: newState: 7115004997868594253010848596868364067574661249707337517331323113105592633327, isOldStateGenesis: true
    StateV2_0_abi_2_1: hashed id: 8915921741172596373445175495566737404699863834892963818587249590123230215569, state: 7115004997868594253010848596868364067574661249707337517331323113105592633327
    StateV2_0_abi_2_1: prevRoot: 0, new root: 10267197598437249187624528537677941981735497788755927958818277186664667935852

    console.log:
    Transit state: id: 21933750065545691586450392143787330185992517860945727248803138245838110721, oldState: 2943483356559152311923412925436024635269538717812859789851139200242297094
    Transit state: newState: 14350982505419309247370121592555562539756979893755695438303858350858014373778, isOldStateGenesis: true
    StateV2_0_abi_2_1: hashed id: 5068714026114262169251099563098251734732205302049357098840688433759755510297, state: 14350982505419309247370121592555562539756979893755695438303858350858014373778
    StateV2_0_abi_2_1: prevRoot: 10267197598437249187624528537677941981735497788755927958818277186664667935852, new root: 5811108674595958953102580588537706269571280914290031805313340903048448177765

      console.log:
    Transit state: id: 21933750065545691586450392143787330185992517860945727248803138245838110721, oldState: 14350982505419309247370121592555562539756979893755695438303858350858014373778
    Transit state: newState: 21306816147125348268698128919345238438768792440721891850508117209346448952877, isOldStateGenesis: false
    StateV2_0_abi_2_1: hashed id: 5068714026114262169251099563098251734732205302049357098840688433759755510297, state: 21306816147125348268698128919345238438768792440721891850508117209346448952877
    StateV2_0_abi_2_1: prevRoot: 5811108674595958953102580588537706269571280914290031805313340903048448177765, new root: 9684486277852922397218561052425236215538518422935993274078893873254023863705

    console.log:
    Transit state: id: 23148936466334350744548790012294489365207440754509988986684797708370051073, oldState: 7115004997868594253010848596868364067574661249707337517331323113105592633327
    Transit state: newState: 4546963942567895423749885008322935416520496550192665955639269179690288593086, isOldStateGenesis: false
    StateV2_0_abi_2_1: hashed id: 8915921741172596373445175495566737404699863834892963818587249590123230215569, state: 4546963942567895423749885008322935416520496550192665955639269179690288593086
    StateV2_0_abi_2_1: prevRoot: 9684486277852922397218561052425236215538518422935993274078893873254023863705, new root: 21799788683714987664814293148767524502798799488391508714630230207020106950256

=============================================================================================

  console.log:
    addStateWithTimestampAndBlock id: 23148936466334350744548790012294489365207440754509988986684797708370051073, state: 7115004997868594253010848596868364067574661249707337517331323113105592633327
    addStateWithTimestampAndBlock timestamp: 1681756019, blockNumber: 9
    addStateWithTimestampAndBlock hash id: 8915921741172596373445175495566737404699863834892963818587249590123230215569
    addLeafWithTimestampAndBlock: hashed id: 8915921741172596373445175495566737404699863834892963818587249590123230215569, state: 7115004997868594253010848596868364067574661249707337517331323113105592633327
    addLeafWithTimestampAndBlock: prevRoot: 0, new root: 10267197598437249187624528537677941981735497788755927958818277186664667935852

console.log:
    addStateWithTimestampAndBlock id: 21933750065545691586450392143787330185992517860945727248803138245838110721, state: 14350982505419309247370121592555562539756979893755695438303858350858014373778
    addStateWithTimestampAndBlock timestamp: 1681756027, blockNumber: 10
    addStateWithTimestampAndBlock hash id: 5068714026114262169251099563098251734732205302049357098840688433759755510297
    addLeafWithTimestampAndBlock: hashed id: 5068714026114262169251099563098251734732205302049357098840688433759755510297, state: 14350982505419309247370121592555562539756979893755695438303858350858014373778
    addLeafWithTimestampAndBlock: prevRoot: 10267197598437249187624528537677941981735497788755927958818277186664667935852, new root: 5811108674595958953102580588537706269571280914290031805313340903048448177765

  console.log:
    addStateWithTimestampAndBlock id: 21933750065545691586450392143787330185992517860945727248803138245838110721, state: 21306816147125348268698128919345238438768792440721891850508117209346448952877
    addStateWithTimestampAndBlock timestamp: 1681756035, blockNumber: 11
    addStateWithTimestampAndBlock hash id: 5068714026114262169251099563098251734732205302049357098840688433759755510297
    addLeafWithTimestampAndBlock: hashed id: 5068714026114262169251099563098251734732205302049357098840688433759755510297, state: 21306816147125348268698128919345238438768792440721891850508117209346448952877
    addLeafWithTimestampAndBlock: prevRoot: 5811108674595958953102580588537706269571280914290031805313340903048448177765, new root: 9684486277852922397218561052425236215538518422935993274078893873254023863705

  console.log:
    addStateWithTimestampAndBlock id: 23148936466334350744548790012294489365207440754509988986684797708370051073, state: 4546963942567895423749885008322935416520496550192665955639269179690288593086
    addStateWithTimestampAndBlock timestamp: 1681756043, blockNumber: 12
    addStateWithTimestampAndBlock hash id: 8915921741172596373445175495566737404699863834892963818587249590123230215569
    addLeafWithTimestampAndBlock: hashed id: 8915921741172596373445175495566737404699863834892963818587249590123230215569, state: 4546963942567895423749885008322935416520496550192665955639269179690288593086
    addLeafWithTimestampAndBlock: prevRoot: 9684486277852922397218561052425236215538518422935993274078893873254023863705, new root: 21799788683714987664814293148767524502798799488391508714630230207020106950256
    